0.01 -2.0
0.03507537688442211 -2.0
0.060150753768844226 -2.0
0.08522613065326633 -2.0
0.11030150753768844 -2.0
0.13537688442211057 -2.0
0.16045226130653267 -2.0
0.1855276381909548 -2.0
0.2106030150753769 -2.0
0.235678391959799 -2.0
0.26075376884422113 -2.0
0.28582914572864326 -2.0
0.31090452261306534 -2.0
0.33597989949748747 -2.0
0.3610552763819096 -2.0
0.38613065326633167 -2.0
0.4112060301507538 -2.0
0.4362814070351759 -2.0
0.461356783919598 -1.991111111111111
0.48643216080402013 -1.991111111111111
0.5115075376884423 -1.9733333333333334
0.5365829145728643 -1.991111111111111
0.5616582914572865 -2.0
0.5867336683417086 -2.0
0.6118090452261307 -1.991111111111111
0.6368844221105529 -2.0
0.6619597989949749 -1.9822222222222223
0.687035175879397 -1.9555555555555555
0.7121105527638192 -1.9822222222222223
0.7371859296482413 -1.9822222222222223
0.7622613065326633 -1.9555555555555555
0.7873366834170855 -1.9733333333333334
0.8124120603015076 -1.9644444444444444
0.8374874371859297 -1.9555555555555555
0.8625628140703518 -1.9155555555555555
0.8876381909547739 -1.8933333333333333
0.912713567839196 -1.9066666666666667
0.9377889447236182 -1.9244444444444444
0.9628643216080403 -1.92
0.9879396984924623 -1.8888888888888888
1.0130150753768845 -1.9377777777777778
1.0380904522613066 -1.8755555555555556
1.0631658291457287 -1.84
1.0882412060301507 -1.9066666666666667
1.113316582914573 -1.8977777777777778
1.138391959798995 -1.8844444444444444
1.1634673366834172 -1.8444444444444446
1.1885427135678392 -1.84
1.2136180904522613 -1.8044444444444445
1.2386934673366834 -1.8577777777777778
1.2637688442211057 -1.7955555555555556
1.2888442211055278 -1.7866666666666666
1.3139195979899498 -1.7466666666666666
1.338994974874372 -1.76
1.364070351758794 -1.8044444444444445
1.389145728643216 -1.6755555555555555
1.4142211055276384 -1.7333333333333334
1.4392964824120604 -1.7155555555555555
1.4643718592964825 -1.6888888888888889
1.4894472361809046 -1.6222222222222222
1.5145226130653267 -1.7066666666666668
1.5395979899497487 -1.7022222222222223
1.564673366834171 -1.5644444444444445
1.589748743718593 -1.6133333333333333
1.6148241206030152 -1.6488888888888888
1.6398994974874372 -1.4444444444444444
1.6649748743718593 -1.6177777777777778
1.6900502512562816 -1.6222222222222222
1.7151256281407037 -1.431111111111111
1.7402010050251258 -1.4844444444444445
1.7652763819095478 -1.4933333333333334
1.79035175879397 -1.48
1.815427135678392 -1.4
1.8405025125628143 -1.4577777777777778
1.8655778894472363 -1.4
1.8906532663316584 -1.208888888888889
1.9157286432160805 -1.4133333333333333
1.9408040201005026 -1.1688888888888889
1.9658793969849246 -1.4577777777777778
1.990954773869347 -1.2177777777777778
2.016030150753769 -1.231111111111111
2.041105527638191 -1.2533333333333334
2.066180904522613 -1.1422222222222222
2.091256281407035 -1.1244444444444444
2.116331658291457 -1.2266666666666666
2.141407035175879 -1.1777777777777778
2.1664824120603012 -0.9644444444444444
2.1915577889447233 -0.9333333333333333
2.216633165829146 -1.0355555555555556
2.241708542713568 -1.0444444444444445
2.26678391959799 -1.031111111111111
2.291859296482412 -0.9511111111111111
2.316934673366834 -0.96
2.342010050251256 -1.0444444444444445
2.3670854271356783 -0.96
2.3921608040201003 -0.9111111111111111
2.4172361809045224 -0.9866666666666667
2.4423115577889445 -0.9111111111111111
2.4673869346733666 -0.9155555555555556
2.492462311557789 -0.9644444444444444
2.517537688442211 -0.8755555555555555
2.5426130653266332 -0.8622222222222222
2.5676884422110553 -0.8711111111111111
2.5927638190954774 -0.8311111111111111
2.6178391959798994 -0.7244444444444444
2.6429145728643215 -0.8355555555555556
2.6679899497487436 -0.8133333333333334
2.6930653266331657 -0.8444444444444444
2.7181407035175877 -0.8133333333333334
2.74321608040201 -0.8
2.768291457286432 -0.7555555555555555
2.7933668341708544 -0.6311111111111111
2.8184422110552765 -0.6977777777777778
2.8435175879396986 -0.7333333333333333
2.8685929648241206 -0.8088888888888889
2.8936683417085427 -0.7111111111111111
2.9187437185929648 -0.8222222222222222
2.943819095477387 -0.7911111111111111
2.968894472361809 -0.6888888888888889
2.993969849246231 -0.6311111111111111
3.019045226130653 -0.6133333333333333
3.044120603015075 -0.6177777777777778
3.069195979899497 -0.76
3.0942713567839197 -0.7111111111111111
3.119346733668342 -0.6088888888888889
3.144422110552764 -0.6755555555555556
3.169497487437186 -0.6488888888888888
3.194572864321608 -0.64
3.21964824120603 -0.7111111111111111
3.244723618090452 -0.5955555555555555
3.2697989949748743 -0.6755555555555556
3.2948743718592963 -0.6622222222222223
3.3199497487437184 -0.5511111111111111
3.3450251256281405 -0.5688888888888889
3.370100502512563 -0.6311111111111111
3.395175879396985 -0.6266666666666667
3.420251256281407 -0.6488888888888888
3.445326633165829 -0.6666666666666666
3.4704020100502513 -0.5733333333333334
3.4954773869346734 -0.5066666666666667
3.5205527638190954 -0.5555555555555556
3.5456281407035175 -0.49777777777777776
3.5707035175879396 -0.5244444444444445
3.5957788944723617 -0.6622222222222223
3.6208542713567837 -0.5466666666666666
3.645929648241206 -0.5644444444444444
3.6710050251256283 -0.6888888888888889
3.6960804020100504 -0.4622222222222222
3.7211557788944725 -0.6355555555555555
3.7462311557788945 -0.49777777777777776
3.7713065326633166 -0.6666666666666666
3.7963819095477387 -0.5111111111111111
3.8214572864321608 -0.4888888888888889
3.846532663316583 -0.5822222222222222
3.871608040201005 -0.5022222222222222
3.896683417085427 -0.5733333333333334
3.921758793969849 -0.5511111111111111
3.946834170854271 -0.44
3.9719095477386936 -0.5288888888888889
3.9969849246231157 -0.5511111111111111
4.022060301507538 -0.44
4.047135678391959 -0.48444444444444446
4.072211055276382 -0.47555555555555556
4.0972864321608045 -0.5155555555555555
4.122361809045226 -0.5511111111111111
4.147437185929649 -0.4711111111111111
4.17251256281407 -0.48444444444444446
4.197587939698493 -0.48444444444444446
4.222663316582914 -0.49777777777777776
4.247738693467337 -0.4888888888888889
4.2728140703517585 -0.48
4.297889447236181 -0.4577777777777778
4.322964824120603 -0.4177777777777778
4.348040201005025 -0.52
4.373115577889447 -0.4266666666666667
4.398190954773869 -0.5111111111111111
4.423266331658292 -0.39555555555555555
4.4483417085427135 -0.4711111111111111
4.473417085427136 -0.4711111111111111
4.498492462311558 -0.3511111111111111
4.52356783919598 -0.4311111111111111
4.548643216080402 -0.4311111111111111
4.573718592964824 -0.39555555555555555
4.598793969849246 -0.4311111111111111
4.6238693467336685 -0.44
4.64894472361809 -0.38666666666666666
4.674020100502513 -0.4622222222222222
4.699095477386935 -0.41333333333333333
4.724170854271357 -0.39555555555555555
4.749246231155779 -0.43555555555555553
4.774321608040201 -0.4711111111111111
4.799396984924623 -0.4577777777777778
4.824472361809045 -0.44
4.849547738693468 -0.4488888888888889
4.874623115577889 -0.37777777777777777
4.899698492462312 -0.4266666666666667
4.924773869346733 -0.36
4.949849246231156 -0.3688888888888889
4.974924623115578 -0.38222222222222224
5.0 -0.4088888888888889
