0.01 -2.0
0.03507537688442211 -2.0
0.060150753768844226 -2.0
0.08522613065326633 -2.0
0.11030150753768844 -2.0
0.13537688442211057 -2.0
0.16045226130653267 -2.0
0.1855276381909548 -2.0
0.2106030150753769 -2.0
0.235678391959799 -2.0
0.26075376884422113 -2.0
0.28582914572864326 -2.0
0.31090452261306534 -2.0
0.33597989949748747 -2.0
0.3610552763819096 -2.0
0.38613065326633167 -2.0
0.4112060301507538 -2.0
0.4362814070351759 -2.0
0.461356783919598 -2.0
0.48643216080402013 -2.0
0.5115075376884423 -2.0
0.5365829145728643 -2.0
0.5616582914572865 -2.0
0.5867336683417086 -2.0
0.6118090452261307 -2.0
0.6368844221105529 -2.0
0.6619597989949749 -2.0
0.687035175879397 -2.0
0.7121105527638192 -2.0
0.7371859296482413 -2.0
0.7622613065326633 -2.0
0.7873366834170855 -2.0
0.8124120603015076 -2.0
0.8374874371859297 -2.0
0.8625628140703518 -1.991111111111111
0.8876381909547739 -2.0
0.912713567839196 -2.0
0.9377889447236182 -2.0
0.9628643216080403 -2.0
0.9879396984924623 -2.0
1.0130150753768845 -2.0
1.0380904522613066 -2.0
1.0631658291457287 -2.0
1.0882412060301507 -1.991111111111111
1.113316582914573 -1.991111111111111
1.138391959798995 -1.9822222222222223
1.1634673366834172 -1.9822222222222223
1.1885427135678392 -2.0
1.2136180904522613 -1.9822222222222223
1.2386934673366834 -1.9733333333333334
1.2637688442211057 -2.0
1.2888442211055278 -1.9777777777777779
1.3139195979899498 -1.9777777777777779
1.338994974874372 -1.9822222222222223
1.364070351758794 -1.951111111111111
1.389145728643216 -1.9822222222222223
1.4142211055276384 -1.9555555555555555
1.4392964824120604 -1.9733333333333334
1.4643718592964825 -1.9466666666666668
1.4894472361809046 -1.9555555555555555
1.5145226130653267 -1.968888888888889
1.5395979899497487 -1.9244444444444444
1.564673366834171 -1.9733333333333334
1.589748743718593 -1.9244444444444444
1.6148241206030152 -1.8933333333333333
1.6398994974874372 -1.9466666666666668
1.6649748743718593 -1.9022222222222223
1.6900502512562816 -1.8933333333333333
1.7151256281407037 -1.8755555555555556
1.7402010050251258 -1.8844444444444444
1.7652763819095478 -1.9288888888888889
1.79035175879397 -1.8444444444444446
1.815427135678392 -1.84
1.8405025125628143 -1.8044444444444445
1.8655778894472363 -1.7155555555555555
1.8906532663316584 -1.7822222222222222
1.9157286432160805 -1.8488888888888888
1.9408040201005026 -1.7555555555555555
1.9658793969849246 -1.8355555555555556
1.990954773869347 -1.7777777777777777
2.016030150753769 -1.7333333333333334
2.041105527638191 -1.7777777777777777
2.066180904522613 -1.728888888888889
2.091256281407035 -1.6577777777777778
2.116331658291457 -1.6222222222222222
2.141407035175879 -1.551111111111111
2.1664824120603012 -1.511111111111111
2.1915577889447233 -1.3644444444444443
2.216633165829146 -1.5066666666666666
2.241708542713568 -1.5866666666666667
2.26678391959799 -1.5866666666666667
2.291859296482412 -1.3511111111111112
2.316934673366834 -1.44
2.342010050251256 -1.208888888888889
2.3670854271356783 -1.1333333333333333
2.3921608040201003 -1.0888888888888888
2.4172361809045224 -1.1466666666666667
2.4423115577889445 -1.0133333333333334
2.4673869346733666 -1.08
2.492462311557789 -1.0933333333333333
2.517537688442211 -1.2533333333333334
2.5426130653266332 -1.0577777777777777
2.5676884422110553 -1.0977777777777777
2.5927638190954774 -0.96
2.6178391959798994 -1.0844444444444445
2.6429145728643215 -0.9555555555555556
2.6679899497487436 -0.92
2.6930653266331657 -0.9511111111111111
2.7181407035175877 -1.0266666666666666
2.74321608040201 -1.0133333333333334
2.768291457286432 -0.92
2.7933668341708544 -0.9733333333333334
2.8184422110552765 -0.7688888888888888
2.8435175879396986 -0.92
2.8685929648241206 -0.9288888888888889
2.8936683417085427 -0.7866666666666666
2.9187437185929648 -0.8755555555555555
2.943819095477387 -0.8577777777777778
2.968894472361809 -0.7688888888888888
2.993969849246231 -0.7866666666666666
3.019045226130653 -0.8177777777777778
3.044120603015075 -0.84
3.069195979899497 -0.8622222222222222
3.0942713567839197 -0.9377777777777778
3.119346733668342 -0.8311111111111111
3.144422110552764 -0.6533333333333333
3.169497487437186 -0.6622222222222223
3.194572864321608 -0.8266666666666667
3.21964824120603 -0.7111111111111111
3.244723618090452 -0.7288888888888889
3.2697989949748743 -0.7777777777777778
3.2948743718592963 -0.7066666666666667
3.3199497487437184 -0.6266666666666667
3.3450251256281405 -0.8044444444444444
3.370100502512563 -0.7022222222222222
3.395175879396985 -0.64
3.420251256281407 -0.6977777777777778
3.445326633165829 -0.6577777777777778
3.4704020100502513 -0.7288888888888889
3.4954773869346734 -0.5733333333333334
3.5205527638190954 -0.6844444444444444
3.5456281407035175 -0.6177777777777778
3.5707035175879396 -0.5777777777777777
3.5957788944723617 -0.64
3.6208542713567837 -0.6355555555555555
3.645929648241206 -0.6088888888888889
3.6710050251256283 -0.6844444444444444
3.6960804020100504 -0.6444444444444445
3.7211557788944725 -0.5555555555555556
3.7462311557788945 -0.68
3.7713065326633166 -0.5911111111111111
3.7963819095477387 -0.6044444444444445
3.8214572864321608 -0.48
3.846532663316583 -0.64
3.871608040201005 -0.6355555555555555
3.896683417085427 -0.5333333333333333
3.921758793969849 -0.5733333333333334
3.946834170854271 -0.6133333333333333
3.9719095477386936 -0.6577777777777778
3.9969849246231157 -0.6355555555555555
4.022060301507538 -0.4711111111111111
4.047135678391959 -0.49333333333333335
4.072211055276382 -0.56
4.0972864321608045 -0.5422222222222223
4.122361809045226 -0.6577777777777778
4.147437185929649 -0.5644444444444444
4.17251256281407 -0.5377777777777778
4.197587939698493 -0.5333333333333333
4.222663316582914 -0.52
4.247738693467337 -0.5422222222222223
4.2728140703517585 -0.5555555555555556
4.297889447236181 -0.4311111111111111
4.322964824120603 -0.5511111111111111
4.348040201005025 -0.39555555555555555
4.373115577889447 -0.49333333333333335
4.398190954773869 -0.48444444444444446
4.423266331658292 -0.4888888888888889
4.4483417085427135 -0.4088888888888889
4.473417085427136 -0.44
4.498492462311558 -0.43555555555555553
4.52356783919598 -0.49777777777777776
4.548643216080402 -0.48
4.573718592964824 -0.48444444444444446
4.598793969849246 -0.5377777777777778
4.6238693467336685 -0.4311111111111111
4.64894472361809 -0.5733333333333334
4.674020100502513 -0.4533333333333333
4.699095477386935 -0.56
4.724170854271357 -0.39555555555555555
4.749246231155779 -0.37333333333333335
4.774321608040201 -0.4711111111111111
4.799396984924623 -0.48444444444444446
4.824472361809045 -0.43555555555555553
4.849547738693468 -0.4666666666666667
4.874623115577889 -0.4222222222222222
4.899698492462312 -0.36
4.924773869346733 -0.5377777777777778
4.949849246231156 -0.4888888888888889
4.974924623115578 -0.3511111111111111
5.0 -0.4711111111111111
